<?xml version="1.0" encoding="UTF-8"?>
<!-- Generated by org.testng.reporters.JUnitReportReporter -->
<testsuite hostname="RAVI" failures="0" tests="4" name="TestCases.LoginPageTest" time="23.714" errors="0" timestamp="2022-04-11T13:22:02 IST" skipped="0">
  <testcase classname="TestCases.LoginPageTest" name="verifyKiteLogoTest" time="8.392"/>
  <system-out>
Kite Logo = true  </system-out>
  <testcase classname="TestCases.LoginPageTest" name="loginZerodhaTest" time="5.756"/>
  <system-out/>
  <testcase classname="TestCases.LoginPageTest" name="verifyLoginPageTitleTest" time="4.889"/>
  <system-out>
Title Is = Kite - Zerodha's fast and elegant flagship trading platform  </system-out>
  <testcase classname="TestCases.LoginPageTest" name="verifyZerodhaLogoTest" time="4.677"/>
  <system-out>
Zerodha Logo = true  </system-out>
</testsuite> <!-- TestCases.LoginPageTest -->
