<?xml version="1.0" encoding="UTF-8"?>
<!-- Generated by org.testng.reporters.JUnitReportReporter -->
<testsuite hostname="RAVI" failures="0" tests="4" name="TestCases.DashbordTest" time="35.096" errors="0" timestamp="2022-04-10T19:48:57 IST" skipped="0">
  <testcase classname="TestCases.DashbordTest" name="verifyEmailIdTest" time="10.586"/>
  <system-out>
EmailId Is ravindra.wakade77@gmail.com  </system-out>
  <testcase classname="TestCases.DashbordTest" name="verifyNicknameTest" time="7.394"/>
  <system-out>
NickName Is Ravindra  </system-out>
  <testcase classname="TestCases.DashbordTest" name="verifyUserNameTest" time="8.955"/>
  <system-out>
User Name Is Ravindra Kalyanrao Wakade  </system-out>
  <testcase classname="TestCases.DashbordTest" name="verifyUserIdTest" time="8.161"/>
  <system-out>
UserId Is RMD729  </system-out>
</testsuite> <!-- TestCases.DashbordTest -->
