<?xml version="1.0" encoding="UTF-8"?>
<!-- Generated by org.testng.reporters.JUnitReportReporter -->
<testsuite hostname="RAVI" failures="0" tests="1" name="TestCases.OrderPageTest" time="39.228" errors="0" timestamp="2022-04-18T13:10:31 IST" skipped="0">
  <testcase classname="TestCases.OrderPageTest" name="valuesTest" time="39.228"/>
  <system-out/>
</testsuite> <!-- TestCases.OrderPageTest -->
