<?xml version="1.0" encoding="UTF-8"?>
<!-- Generated by org.testng.reporters.JUnitReportReporter -->
<testsuite hostname="RAVI" failures="0" tests="4" name="TestCases.Proirity$LoginPageTest" time="18.217" errors="0" timestamp="2022-04-10T20:27:11 IST" skipped="0">
  <testcase classname="TestCases.Proirity$LoginPageTest" name="verifyZerodhaLogoTest" time="3.669"/>
  <system-out>
Zerodha Logo = true  </system-out>
  <testcase classname="TestCases.Proirity$LoginPageTest" name="verifyKiteLogoTest" time="3.516"/>
  <system-out>
Kite Logo = true  </system-out>
  <testcase classname="TestCases.Proirity$LoginPageTest" name="verifyLoginPageTitleTest" time="3.389"/>
  <system-out>
Title Is = Kite - Zerodha's fast and elegant flagship trading platform  </system-out>
  <testcase classname="TestCases.Proirity$LoginPageTest" name="loginZerodhaTest" time="7.643"/>
  <system-out/>
</testsuite> <!-- TestCases.Proirity$LoginPageTest -->
