<?xml version="1.0" encoding="UTF-8"?>
<!-- Generated by org.testng.reporters.JUnitReportReporter -->
<testsuite hostname="RAVI" failures="0" tests="8" name="TestCases.PriorityTest1" time="0.057" errors="0" timestamp="2022-04-10T20:37:24 IST" skipped="0">
  <testcase classname="TestCases.PriorityTest1" name="method8" time="0.011"/>
  <system-out/>
  <testcase classname="TestCases.PriorityTest1" name="method2" time="0.004"/>
  <system-out/>
  <testcase classname="TestCases.PriorityTest1" name="method5" time="0.004"/>
  <system-out/>
  <testcase classname="TestCases.PriorityTest1" name="method6" time="0.004"/>
  <system-out/>
  <testcase classname="TestCases.PriorityTest1" name="method4" time="0.006"/>
  <system-out/>
  <testcase classname="TestCases.PriorityTest1" name="method3" time="0.006"/>
  <system-out/>
  <testcase classname="TestCases.PriorityTest1" name="method7" time="0.002"/>
  <system-out/>
  <testcase classname="TestCases.PriorityTest1" name="method1" time="0.020"/>
  <system-out/>
</testsuite> <!-- TestCases.PriorityTest1 -->
